<?xml version="1.0" encoding="utf-8"?><testsuites name="pytest tests"><testsuite name="pytest" errors="0" failures="0" skipped="0" tests="27" time="5.946" timestamp="2026-07-21T01:20:50.472816+00:00" hostname="agent-env-c419122e-d468-493f-a423-99c1a81eb848"><testcase classname="tests.backend_test.TestOnboarding" name="test_options_shape" time="0.547" /><testcase classname="tests.backend_test.TestAuth" name="test_register_new_user" time="0.547" /><testcase classname="tests.backend_test.TestAuth" name="test_register_duplicate_email" time="0.054" /><testcase classname="tests.backend_test.TestOnboarding" name="test_complete_requires_auth" time="0.045" /><testcase classname="tests.backend_test.TestAuth" name="test_login_ok" time="0.493" /><testcase classname="tests.backend_test.TestAuth" name="test_login_wrong_password" time="0.278" /><testcase classname="tests.backend_test.TestOnboarding" name="test_complete_invalid_lang" time="0.549" /><testcase classname="tests.backend_test.TestOnboarding" name="test_complete_invalid_metier" time="0.230" /><testcase classname="tests.backend_test.TestAuth" name="test_me_returns_public_user" time="0.056" /><testcase classname="tests.backend_test.TestOnboarding" name="test_complete_invalid_territoire" time="0.044" /><testcase classname="tests.backend_test.TestOnboarding" name="test_complete_success_full_flow" time="0.229" /><testcase classname="tests.backend_test.TestAuth" name="test_me_requires_auth" time="0.049" /><testcase classname="tests.backend_test.TestFormations" name="test_list_30_formations" time="0.047" /><testcase classname="tests.backend_test.TestFormations" name="test_fms01_detail_has_12_modules" time="0.062" /><testcase classname="tests.backend_test.TestFormations" name="test_formation_not_found" time="0.060" /><testcase classname="tests.backend_test.TestOnboarding" name="test_complete_idempotent_badge" time="0.094" /><testcase classname="tests.backend_test.TestMissions" name="test_list_missions_min_6" time="0.053" /><testcase classname="tests.backend_test.TestMissions" name="test_accept_then_submit_mission" time="0.455" /><testcase classname="tests.backend_test.TestQuiz" name="test_get_quiz_no_leaked_correct_flag" time="0.045" /><testcase classname="tests.backend_test.TestQuiz" name="test_submit_all_correct" time="0.452" /><testcase classname="tests.backend_test.TestProgression" name="test_progression_summary" time="0.047" /><testcase classname="tests.backend_test.TestProgression" name="test_frek_profile" time="0.059" /><testcase classname="tests.backend_test.TestQuiz" name="test_submit_quiz_awards_badges" time="0.086" /><testcase classname="tests.backend_test.TestHealth" name="test_root_metadata" time="0.047" /><testcase classname="tests.backend_test.TestBadges" name="test_list_badges_has_8" time="0.047" /><testcase classname="tests.backend_test.TestMentor" name="test_list_agents" time="0.089" /><testcase classname="tests.backend_test.TestMentor" name="test_mentor_chat_returns_non_empty" time="2.957" /></testsuite></testsuites>