<?xml version="1.0" encoding="utf-8"?><testsuites name="pytest tests"><testsuite name="pytest" errors="0" failures="0" skipped="0" tests="46" time="7.209" timestamp="2026-07-21T02:12:27.202254+00:00" hostname="agent-env-c419122e-d468-493f-a423-99c1a81eb848"><testcase classname="tests.backend_test.TestOnboarding" name="test_options_shape" time="0.458" /><testcase classname="tests.backend_test.TestOnboarding" name="test_complete_requires_auth" time="0.047" /><testcase classname="tests.backend_test.TestLXv2Gating" name="test_quiz_rejects_when_no_phase_done" time="0.776" /><testcase classname="tests.backend_test.TestOnboarding" name="test_complete_invalid_lang" time="0.318" /><testcase classname="tests.backend_test.TestLXv2Gating" name="test_phase_tick_hook_objectives_workshop" time="0.293" /><testcase classname="tests.backend_test.TestOnboarding" name="test_complete_invalid_metier" time="0.052" /><testcase classname="tests.backend_test.TestOnboarding" name="test_complete_invalid_territoire" time="0.046" /><testcase classname="tests.backend_test.TestOnboarding" name="test_complete_success_full_flow" time="0.191" /><testcase classname="tests.backend_test.TestLXv2Gating" name="test_course_progress_below_80_does_not_count" time="0.094" /><testcase classname="tests.backend_test.TestOnboarding" name="test_complete_idempotent_badge" time="0.106" /><testcase classname="tests.backend_test.TestLXv2Gating" name="test_course_progress_80_counts" time="0.061" /><testcase classname="tests.backend_test.TestLXv2Gating" name="test_deliverable_too_short_rejected" time="0.273" /><testcase classname="tests.backend_test.TestLXv2Gating" name="test_deliverable_valid_submits" time="0.051" /><testcase classname="tests.backend_test.TestAuth" name="test_register_new_user" time="0.280" /><testcase classname="tests.backend_test.TestAuth" name="test_register_duplicate_email" time="0.047" /><testcase classname="tests.backend_test.TestAuth" name="test_login_ok" time="0.268" /><testcase classname="tests.backend_test.TestLXv2Gating" name="test_mini_mission_gated_before_quiz" time="0.269" /><testcase classname="tests.backend_test.TestAuth" name="test_login_wrong_password" time="0.269" /><testcase classname="tests.backend_test.TestLXv2Gating" name="test_quiz_submit_after_prereqs" time="0.324" /><testcase classname="tests.backend_test.TestAuth" name="test_me_returns_public_user" time="0.046" /><testcase classname="tests.backend_test.TestAuth" name="test_me_requires_auth" time="0.084" /><testcase classname="tests.backend_test.TestLXv2Gating" name="test_mini_mission_commit_validates_module" time="0.056" /><testcase classname="tests.backend_test.TestLXv2Gating" name="test_module_lock_progression_after_m01_validated" time="0.051" /><testcase classname="tests.backend_test.TestQuiz" name="test_get_quiz_no_leaked_correct_flag" time="0.048" /><testcase classname="tests.backend_test.TestLXv2Gating" name="test_progression_counts_validated_module" time="0.054" /><testcase classname="tests.backend_test.TestQuiz" name="test_quiz_submit_gated_without_prereqs" time="0.093" /><testcase classname="tests.backend_test.TestFormations" name="test_list_30_formations" time="0.048" /><testcase classname="tests.backend_test.TestFormations" name="test_fms01_detail_has_12_modules" time="0.050" /><testcase classname="tests.backend_test.TestQuiz" name="test_submit_all_correct" time="1.022" /><testcase classname="tests.backend_test.TestFormations" name="test_formation_not_found" time="0.049" /><testcase classname="tests.backend_test.TestLXv2ModuleJourney" name="test_module_journey_shape" time="0.393" /><testcase classname="tests.backend_test.TestLXv2ModuleJourney" name="test_module_journey_requires_auth" time="0.046" /><testcase classname="tests.backend_test.TestLXv2ModuleJourney" name="test_module_journey_locked_module" time="0.059" /><testcase classname="tests.backend_test.TestMissions" name="test_list_missions_min_6" time="0.051" /><testcase classname="tests.backend_test.TestMissions" name="test_accept_then_submit_mission" time="0.737" /><testcase classname="tests.backend_test.TestQuiz" name="test_submit_quiz_awards_badges" time="0.088" /><testcase classname="tests.backend_test.TestProgression" name="test_progression_summary" time="0.051" /><testcase classname="tests.backend_test.TestProgression" name="test_frek_profile" time="0.055" /><testcase classname="tests.backend_test.TestMentor" name="test_list_agents" time="0.050" /><testcase classname="tests.backend_test.TestLXv2FormationLockRules" name="test_fms01_unlocked_for_fms_user" time="0.432" /><testcase classname="tests.backend_test.TestMentor" name="test_mentor_chat_returns_non_empty" time="2.569" /><testcase classname="tests.backend_test.TestLXv2FormationLockRules" name="test_fms02_locked_until_50pct_of_fms01" time="0.439" /><testcase classname="tests.backend_test.TestLXv2FormationLockRules" name="test_other_pole_formation_locked_for_fms_user" time="0.421" /><testcase classname="tests.backend_test.TestLXv2LearningPath" name="test_learning_path_shape_for_fresh_fms_user" time="0.380" /><testcase classname="tests.backend_test.TestHealth" name="test_root_metadata" time="0.048" /><testcase classname="tests.backend_test.TestBadges" name="test_list_badges_has_8" time="0.052" /></testsuite></testsuites>